2023-01-07 12:34:16.373 [info] Reading sessions from keychain...
2023-01-07 12:34:16.373 [info] Getting sessions for user:email...
2023-01-07 12:34:16.373 [info] Getting sessions for all scopes...
2023-01-07 12:34:16.373 [info] Got 0 sessions for user:email...
2023-01-07 12:34:16.373 [info] Got 0 sessions for ...
2023-01-07 12:36:48.473 [info] Getting sessions for all scopes...
2023-01-07 12:36:48.473 [info] Got 0 sessions for ...
2023-01-07 12:36:50.891 [info] Getting sessions for user:email...
2023-01-07 12:36:50.891 [info] Got 0 sessions for user:email...
2023-01-07 12:36:51.803 [info] Logging in for the following scopes: user:email
2023-01-07 12:36:51.816 [info] Trying without local server... (user:email)
2023-01-07 12:37:01.862 [info] Exchanging code for token...
2023-01-07 12:37:03.020 [info] Token exchange success!
2023-01-07 12:37:03.022 [info] Getting user info...
2023-01-07 12:37:03.348 [info] Got account info!
2023-01-07 12:37:03.349 [info] Storing 1 sessions...
2023-01-07 12:37:03.377 [error] Setting token failed: Error: GDBus.Error:org.freedesktop.DBus.Error.ServiceUnknown: The name org.freedesktop.secrets was not provided by any .service files
2023-01-07 12:37:03.377 [info] Stored 1 sessions!
2023-01-07 12:37:03.377 [info] Login success!
2023-01-07 12:37:03.383 [info] Getting sessions for user:email...
2023-01-07 12:37:03.383 [info] Getting sessions for user:email...
2023-01-07 12:37:03.383 [info] Got 1 sessions for user:email...
2023-01-07 12:37:03.383 [info] Got 1 sessions for user:email...
