2023-01-07 12:34:15.286 [warning] [segerdekort.angular-cli]: Menu item references an alt-command `Generates an app shell for running a server-side version of an app.` which is not defined in the 'commands' section.
2023-01-07 12:34:15.286 [warning] [segerdekort.angular-cli]: Menu item references an alt-command `Generates a new basic app definition in the "projects" subfolder of the workspace.` which is not defined in the 'commands' section.
2023-01-07 12:34:15.286 [warning] [segerdekort.angular-cli]: Menu item references an alt-command `Creates a new generic class definition in the given or default project.` which is not defined in the 'commands' section.
2023-01-07 12:34:15.286 [warning] [segerdekort.angular-cli]: Menu item references an alt-command `Creates a new generic component definition in the given or default project.` which is not defined in the 'commands' section.
2023-01-07 12:34:15.287 [warning] [segerdekort.angular-cli]: Menu item references an alt-command `Creates a new generic directive definition in the given or default project.` which is not defined in the 'commands' section.
2023-01-07 12:34:15.287 [warning] [segerdekort.angular-cli]: Menu item references an alt-command `Generates a new, generic enum definition for the given or default project.` which is not defined in the 'commands' section.
2023-01-07 12:34:15.287 [warning] [segerdekort.angular-cli]: Menu item references an alt-command `Generates a new, generic route guard definition in the given or default project.` which is not defined in the 'commands' section.
2023-01-07 12:34:15.287 [warning] [segerdekort.angular-cli]: Menu item references an alt-command `Creates a new, generic interceptor definition in the given or default project.` which is not defined in the 'commands' section.
2023-01-07 12:34:15.287 [warning] [segerdekort.angular-cli]: Menu item references an alt-command `Creates a new generic interface definition in the given or default project.` which is not defined in the 'commands' section.
2023-01-07 12:34:15.288 [warning] [segerdekort.angular-cli]: Menu item references an alt-command `Creates a new generic library project in the current workspace.` which is not defined in the 'commands' section.
2023-01-07 12:34:15.288 [warning] [segerdekort.angular-cli]: Menu item references an alt-command `Creates a new generic NgModule definition in the given or default project.` which is not defined in the 'commands' section.
2023-01-07 12:34:15.288 [warning] [segerdekort.angular-cli]: Menu item references an alt-command `Creates a new generic pipe definition in the given or default project.` which is not defined in the 'commands' section.
2023-01-07 12:34:15.288 [warning] [segerdekort.angular-cli]: Menu item references an alt-command `Creates a new, generic service definition in the given or default project.` which is not defined in the 'commands' section.
2023-01-07 12:34:15.288 [warning] [segerdekort.angular-cli]: Menu item references an alt-command `Pass this schematic to the "run" command to create a service worker` which is not defined in the 'commands' section.
2023-01-07 12:34:15.289 [warning] [segerdekort.angular-cli]: Menu item references an alt-command `Creates a new generic web worker definition in the given or default project.` which is not defined in the 'commands' section.
2023-01-07 12:34:15.302 [error] [1tontech.angular-material]: Unknown language in `contributes.angular-material.language`. Provided value: blade
2023-01-07 12:34:15.303 [error] [1tontech.angular-material]: Unknown language in `contributes.angular-material.language`. Provided value: ejs
2023-01-07 12:34:15.303 [error] [1tontech.angular-material]: Unknown language in `contributes.angular-material.language`. Provided value: latte
2023-01-07 12:34:15.303 [error] [1tontech.angular-material]: Unknown language in `contributes.angular-material.language`. Provided value: tpl
2023-01-07 12:34:15.303 [error] [1tontech.angular-material]: Unknown language in `contributes.angular-material.language`. Provided value: twig
2023-01-07 12:34:15.457 [error] net::ERR_NAME_NOT_RESOLVED: Error: net::ERR_NAME_NOT_RESOLVED
    at SimpleURLLoaderWrapper.<anonymous> (node:electron/js2c/browser_init:105:7047)
    at SimpleURLLoaderWrapper.emit (node:events:526:28)
2023-01-07 12:34:16.102 [error] RequestService#request (browser) - error https://marketplace.visualstudio.com/_apis/public/gallery/extensionquery {}
2023-01-07 12:34:16.892 [error] undefined is not iterable (cannot read property Symbol(Symbol.iterator)): TypeError: undefined is not iterable (cannot read property Symbol(Symbol.iterator))
    at ConfigurationManager.<anonymous> (/home/luchkasz/.vscode/extensions/alexiv.vscode-angular2-files-1.6.4/out/src/configuration-manager.js:28:26)
    at Generator.next (<anonymous>)
    at fulfilled (/home/luchkasz/.vscode/extensions/alexiv.vscode-angular2-files-1.6.4/out/src/configuration-manager.js:5:58)
    at processTicksAndRejections (node:internal/process/task_queues:96:5)
2023-01-07 12:37:03.380 [info] Settings Sync: Updated current session 40bd773915d6843a
