2023-01-07 12:34:15.524 [info] Extension host with pid 911 started
2023-01-07 12:34:15.568 [info] ExtensionService#_doActivateExtension vscode.microsoft-authentication, startup: false, activationEvent: 'onAuthenticationRequest:microsoft'
2023-01-07 12:34:15.569 [info] ExtensionService#_doActivateExtension vscode.git-base, startup: true, activationEvent: '*', root cause: vscode.git
2023-01-07 12:34:15.569 [info] ExtensionService#_doActivateExtension alexiv.vscode-angular2-files, startup: true, activationEvent: '*'
2023-01-07 12:34:15.569 [info] ExtensionService#_doActivateExtension christian-kohler.path-intellisense, startup: true, activationEvent: '*'
2023-01-07 12:34:15.569 [info] ExtensionService#_doActivateExtension ecmel.vscode-html-css, startup: true, activationEvent: '*'
2023-01-07 12:34:15.569 [info] ExtensionService#_doActivateExtension EditorConfig.EditorConfig, startup: true, activationEvent: '*'
2023-01-07 12:34:15.569 [info] ExtensionService#_doActivateExtension formulahendry.auto-close-tag, startup: true, activationEvent: '*'
2023-01-07 12:34:15.569 [info] ExtensionService#_doActivateExtension formulahendry.auto-rename-tag, startup: true, activationEvent: '*'
2023-01-07 12:34:15.569 [info] ExtensionService#_doActivateExtension infinity1207.angular2-switcher, startup: true, activationEvent: '*'
2023-01-07 12:34:15.569 [info] ExtensionService#_doActivateExtension john-crowson.angular-file-changer, startup: true, activationEvent: '*'
2023-01-07 12:34:15.570 [info] ExtensionService#_doActivateExtension mhutchie.git-graph, startup: true, activationEvent: '*'
2023-01-07 12:34:15.570 [info] ExtensionService#_doActivateExtension rcore.rcore-unused-css-classes, startup: true, activationEvent: '*'
2023-01-07 12:34:15.570 [info] ExtensionService#_doActivateExtension vincaslt.highlight-matching-tag, startup: true, activationEvent: '*'
2023-01-07 12:34:15.814 [info] ExtensionService#_doActivateExtension vscode.git, startup: true, activationEvent: '*'
2023-01-07 12:34:15.814 [info] ExtensionService#_doActivateExtension vscode.github, startup: true, activationEvent: '*'
2023-01-07 12:34:15.921 [info] Eager extensions activated
2023-01-07 12:34:15.961 [info] ExtensionService#_doActivateExtension formulahendry.code-runner, startup: false, activationEvent: 'onLanguage:code-runner-output'
2023-01-07 12:34:15.961 [info] ExtensionService#_doActivateExtension vscode.debug-auto-launch, startup: false, activationEvent: 'onStartupFinished'
2023-01-07 12:34:15.961 [info] ExtensionService#_doActivateExtension vscode.emmet, startup: false, activationEvent: 'onStartupFinished'
2023-01-07 12:34:15.961 [info] ExtensionService#_doActivateExtension vscode.merge-conflict, startup: false, activationEvent: 'onStartupFinished'
2023-01-07 12:34:15.961 [info] ExtensionService#_doActivateExtension dbaeumer.vscode-eslint, startup: false, activationEvent: 'onStartupFinished'
2023-01-07 12:34:15.962 [info] ExtensionService#_doActivateExtension vscode.npm, startup: false, activationEvent: 'onStartupFinished', root cause: esbenp.prettier-vscode
2023-01-07 12:34:15.962 [info] ExtensionService#_doActivateExtension ritwickdey.LiveServer, startup: false, activationEvent: 'onStartupFinished'
2023-01-07 12:34:15.962 [info] ExtensionService#_doActivateExtension vscode-icons-team.vscode-icons, startup: false, activationEvent: 'onStartupFinished'
2023-01-07 12:34:16.145 [info] ExtensionService#_doActivateExtension vscode.github-authentication, startup: false, activationEvent: 'onAuthenticationRequest:github'
2023-01-07 12:34:16.267 [info] ExtensionService#_doActivateExtension esbenp.prettier-vscode, startup: false, activationEvent: 'onStartupFinished'
2023-01-07 12:34:16.891 [error] TypeError: undefined is not iterable (cannot read property Symbol(Symbol.iterator))
    at ConfigurationManager.<anonymous> (/home/luchkasz/.vscode/extensions/alexiv.vscode-angular2-files-1.6.4/out/src/configuration-manager.js:28:26)
    at Generator.next (<anonymous>)
    at fulfilled (/home/luchkasz/.vscode/extensions/alexiv.vscode-angular2-files-1.6.4/out/src/configuration-manager.js:5:58)
    at processTicksAndRejections (node:internal/process/task_queues:96:5)
2023-01-07 12:34:25.257 [info] ExtensionService#_doActivateExtension vscode.configuration-editing, startup: false, activationEvent: 'onLanguage:jsonc'
2023-01-07 12:34:25.257 [info] ExtensionService#_doActivateExtension vscode.json-language-features, startup: false, activationEvent: 'onLanguage:jsonc'
2023-01-07 12:34:25.257 [info] ExtensionService#_doActivateExtension vscode.typescript-language-features, startup: false, activationEvent: 'onLanguage:jsonc'
